<?xml version="1.0" encoding="UTF-8"?>
<coverage generated="1704615401879" clover="3.2.0">
  <project timestamp="1704615401879" name="All files">
    <metrics statements="105" coveredstatements="99" conditionals="22" coveredconditionals="22" methods="16" coveredmethods="14" elements="143" coveredelements="135" complexity="0" loc="105" ncloc="105" packages="1" files="3" classes="3"/>
    <file name="constants.ts" path="C:\Users\LENOVO\Documents\GitHub\refactoring-increase-maintainability\src\constants.ts">
      <metrics statements="31" coveredstatements="31" conditionals="0" coveredconditionals="0" methods="0" coveredmethods="0"/>
      <line num="1" count="1" type="stmt"/>
      <line num="2" count="1" type="stmt"/>
      <line num="3" count="1" type="stmt"/>
      <line num="4" count="1" type="stmt"/>
      <line num="5" count="1" type="stmt"/>
      <line num="6" count="1" type="stmt"/>
      <line num="7" count="1" type="stmt"/>
      <line num="8" count="1" type="stmt"/>
      <line num="9" count="1" type="stmt"/>
      <line num="10" count="1" type="stmt"/>
      <line num="11" count="1" type="stmt"/>
      <line num="12" count="1" type="stmt"/>
      <line num="13" count="1" type="stmt"/>
      <line num="14" count="1" type="stmt"/>
      <line num="15" count="1" type="stmt"/>
      <line num="16" count="1" type="stmt"/>
      <line num="17" count="1" type="stmt"/>
      <line num="18" count="1" type="stmt"/>
      <line num="19" count="1" type="stmt"/>
      <line num="20" count="1" type="stmt"/>
      <line num="21" count="1" type="stmt"/>
      <line num="22" count="1" type="stmt"/>
      <line num="23" count="1" type="stmt"/>
      <line num="24" count="1" type="stmt"/>
      <line num="25" count="1" type="stmt"/>
      <line num="26" count="1" type="stmt"/>
      <line num="27" count="1" type="stmt"/>
      <line num="28" count="1" type="stmt"/>
      <line num="29" count="1" type="stmt"/>
      <line num="30" count="1" type="stmt"/>
      <line num="31" count="1" type="stmt"/>
    </file>
    <file name="utilities.ts" path="C:\Users\LENOVO\Documents\GitHub\refactoring-increase-maintainability\src\utilities.ts">
      <metrics statements="23" coveredstatements="17" conditionals="7" coveredconditionals="7" methods="6" coveredmethods="4"/>
      <line num="1" count="20" type="cond" truecount="1" falsecount="0"/>
      <line num="2" count="20" type="stmt"/>
      <line num="3" count="20" type="stmt"/>
      <line num="4" count="1" type="stmt"/>
      <line num="5" count="26" type="cond" truecount="1" falsecount="0"/>
      <line num="6" count="26" type="cond" truecount="2" falsecount="0"/>
      <line num="7" count="26" type="stmt"/>
      <line num="8" count="1" type="stmt"/>
      <line num="9" count="0" type="stmt"/>
      <line num="10" count="0" type="stmt"/>
      <line num="11" count="0" type="stmt"/>
      <line num="12" count="1" type="stmt"/>
      <line num="13" count="18" type="cond" truecount="1" falsecount="0"/>
      <line num="14" count="18" type="cond" truecount="1" falsecount="0"/>
      <line num="15" count="18" type="stmt"/>
      <line num="16" count="1" type="stmt"/>
      <line num="17" count="0" type="stmt"/>
      <line num="18" count="0" type="stmt"/>
      <line num="19" count="0" type="stmt"/>
      <line num="20" count="1" type="stmt"/>
      <line num="21" count="18" type="cond" truecount="1" falsecount="0"/>
      <line num="22" count="18" type="stmt"/>
      <line num="23" count="18" type="stmt"/>
    </file>
    <file name="validateUserInputRefactored.ts" path="C:\Users\LENOVO\Documents\GitHub\refactoring-increase-maintainability\src\validateUserInputRefactored.ts">
      <metrics statements="51" coveredstatements="51" conditionals="15" coveredconditionals="15" methods="10" coveredmethods="10"/>
      <line num="1" count="1" type="stmt"/>
      <line num="2" count="1" type="stmt"/>
      <line num="3" count="1" type="stmt"/>
      <line num="4" count="26" type="cond" truecount="1" falsecount="0"/>
      <line num="5" count="26" type="stmt"/>
      <line num="6" count="26" type="stmt"/>
      <line num="7" count="26" type="stmt"/>
      <line num="8" count="26" type="stmt"/>
      <line num="9" count="26" type="stmt"/>
      <line num="10" count="26" type="cond" truecount="1" falsecount="0"/>
      <line num="11" count="18" type="stmt"/>
      <line num="12" count="18" type="stmt"/>
      <line num="13" count="26" type="stmt"/>
      <line num="14" count="1" type="stmt"/>
      <line num="15" count="26" type="cond" truecount="1" falsecount="0"/>
      <line num="16" count="26" type="cond" truecount="1" falsecount="0"/>
      <line num="17" count="26" type="stmt"/>
      <line num="18" count="1" type="stmt"/>
      <line num="19" count="20" type="cond" truecount="1" falsecount="0"/>
      <line num="20" count="20" type="cond" truecount="1" falsecount="0"/>
      <line num="21" count="20" type="stmt"/>
      <line num="22" count="1" type="stmt"/>
      <line num="23" count="18" type="cond" truecount="1" falsecount="0"/>
      <line num="24" count="18" type="stmt"/>
      <line num="25" count="18" type="stmt"/>
      <line num="26" count="18" type="stmt"/>
      <line num="27" count="1" type="stmt"/>
      <line num="28" count="18" type="cond" truecount="1" falsecount="0"/>
      <line num="29" count="18" type="cond" truecount="1" falsecount="0"/>
      <line num="30" count="18" type="stmt"/>
      <line num="31" count="1" type="stmt"/>
      <line num="32" count="14" type="cond" truecount="1" falsecount="0"/>
      <line num="33" count="14" type="cond" truecount="1" falsecount="0"/>
      <line num="34" count="14" type="stmt"/>
      <line num="35" count="1" type="stmt"/>
      <line num="36" count="18" type="cond" truecount="1" falsecount="0"/>
      <line num="37" count="18" type="stmt"/>
      <line num="38" count="18" type="stmt"/>
      <line num="39" count="1" type="stmt"/>
      <line num="40" count="14" type="cond" truecount="1" falsecount="0"/>
      <line num="41" count="14" type="stmt"/>
      <line num="42" count="14" type="stmt"/>
      <line num="43" count="14" type="stmt"/>
      <line num="44" count="1" type="stmt"/>
      <line num="45" count="36" type="cond" truecount="1" falsecount="0"/>
      <line num="46" count="36" type="stmt"/>
      <line num="47" count="36" type="stmt"/>
      <line num="48" count="1" type="stmt"/>
      <line num="49" count="18" type="cond" truecount="1" falsecount="0"/>
      <line num="50" count="18" type="stmt"/>
      <line num="51" count="18" type="stmt"/>
    </file>
  </project>
</coverage>
