{"C:\\Users\\LENOVO\\Documents\\GitHub\\refactoring-increase-maintainability\\src\\constants.ts": {"path":"C:\\Users\\LENOVO\\Documents\\GitHub\\refactoring-increase-maintainability\\src\\constants.ts","all":false,"statementMap":{"0":{"start":{"line":1,"column":0},"end":{"line":1,"column":28}},"1":{"start":{"line":2,"column":0},"end":{"line":2,"column":13}},"2":{"start":{"line":3,"column":0},"end":{"line":3,"column":13}},"3":{"start":{"line":4,"column":0},"end":{"line":4,"column":16}},"4":{"start":{"line":5,"column":0},"end":{"line":5,"column":16}},"5":{"start":{"line":6,"column":0},"end":{"line":6,"column":1}},"6":{"start":{"line":7,"column":0},"end":{"line":7,"column":0}},"7":{"start":{"line":8,"column":0},"end":{"line":8,"column":25}},"8":{"start":{"line":9,"column":0},"end":{"line":9,"column":26}},"9":{"start":{"line":10,"column":0},"end":{"line":10,"column":32}},"10":{"start":{"line":11,"column":0},"end":{"line":11,"column":40}},"11":{"start":{"line":12,"column":0},"end":{"line":12,"column":44}},"12":{"start":{"line":13,"column":0},"end":{"line":13,"column":46}},"13":{"start":{"line":14,"column":0},"end":{"line":14,"column":36}},"14":{"start":{"line":15,"column":0},"end":{"line":15,"column":32}},"15":{"start":{"line":16,"column":0},"end":{"line":16,"column":36}},"16":{"start":{"line":17,"column":0},"end":{"line":17,"column":39}},"17":{"start":{"line":18,"column":0},"end":{"line":18,"column":1}},"18":{"start":{"line":19,"column":0},"end":{"line":19,"column":0}},"19":{"start":{"line":20,"column":0},"end":{"line":20,"column":29}},"20":{"start":{"line":21,"column":0},"end":{"line":21,"column":8}},"21":{"start":{"line":22,"column":0},"end":{"line":22,"column":16}},"22":{"start":{"line":23,"column":0},"end":{"line":23,"column":19}},"23":{"start":{"line":24,"column":0},"end":{"line":24,"column":19}},"24":{"start":{"line":25,"column":0},"end":{"line":25,"column":10}},"25":{"start":{"line":26,"column":0},"end":{"line":26,"column":1}},"26":{"start":{"line":27,"column":0},"end":{"line":27,"column":0}},"27":{"start":{"line":28,"column":0},"end":{"line":28,"column":36}},"28":{"start":{"line":29,"column":0},"end":{"line":29,"column":8}},"29":{"start":{"line":30,"column":0},"end":{"line":30,"column":9}},"30":{"start":{"line":31,"column":0},"end":{"line":31,"column":1}}},"s":{"0":1,"1":1,"2":1,"3":1,"4":1,"5":1,"6":1,"7":1,"8":1,"9":1,"10":1,"11":1,"12":1,"13":1,"14":1,"15":1,"16":1,"17":1,"18":1,"19":1,"20":1,"21":1,"22":1,"23":1,"24":1,"25":1,"26":1,"27":1,"28":1,"29":1,"30":1},"branchMap":{},"b":{},"fnMap":{},"f":{}}
,"C:\\Users\\LENOVO\\Documents\\GitHub\\refactoring-increase-maintainability\\src\\utilities.ts": {"path":"C:\\Users\\LENOVO\\Documents\\GitHub\\refactoring-increase-maintainability\\src\\utilities.ts","all":false,"statementMap":{"0":{"start":{"line":1,"column":0},"end":{"line":1,"column":53}},"1":{"start":{"line":2,"column":0},"end":{"line":2,"column":26}},"2":{"start":{"line":3,"column":0},"end":{"line":3,"column":1}},"3":{"start":{"line":4,"column":0},"end":{"line":4,"column":0}},"4":{"start":{"line":5,"column":0},"end":{"line":5,"column":48}},"5":{"start":{"line":6,"column":0},"end":{"line":6,"column":66}},"6":{"start":{"line":7,"column":0},"end":{"line":7,"column":1}},"7":{"start":{"line":8,"column":0},"end":{"line":8,"column":0}},"8":{"start":{"line":9,"column":0},"end":{"line":9,"column":48}},"9":{"start":{"line":10,"column":0},"end":{"line":10,"column":32}},"10":{"start":{"line":11,"column":0},"end":{"line":11,"column":1}},"11":{"start":{"line":12,"column":0},"end":{"line":12,"column":0}},"12":{"start":{"line":13,"column":0},"end":{"line":13,"column":83}},"13":{"start":{"line":14,"column":0},"end":{"line":14,"column":36}},"14":{"start":{"line":15,"column":0},"end":{"line":15,"column":1}},"15":{"start":{"line":16,"column":0},"end":{"line":16,"column":0}},"16":{"start":{"line":17,"column":0},"end":{"line":17,"column":73}},"17":{"start":{"line":18,"column":0},"end":{"line":18,"column":21}},"18":{"start":{"line":19,"column":0},"end":{"line":19,"column":1}},"19":{"start":{"line":20,"column":0},"end":{"line":20,"column":0}},"20":{"start":{"line":21,"column":0},"end":{"line":21,"column":50}},"21":{"start":{"line":22,"column":0},"end":{"line":22,"column":30}},"22":{"start":{"line":23,"column":0},"end":{"line":23,"column":1}}},"s":{"0":20,"1":20,"2":20,"3":1,"4":26,"5":26,"6":26,"7":1,"8":0,"9":0,"10":0,"11":1,"12":18,"13":18,"14":18,"15":1,"16":0,"17":0,"18":0,"19":1,"20":18,"21":18,"22":18},"branchMap":{"0":{"type":"branch","line":1,"loc":{"start":{"line":1,"column":0},"end":{"line":3,"column":1}},"locations":[{"start":{"line":1,"column":0},"end":{"line":3,"column":1}}]},"1":{"type":"branch","line":5,"loc":{"start":{"line":5,"column":0},"end":{"line":7,"column":1}},"locations":[{"start":{"line":5,"column":0},"end":{"line":7,"column":1}}]},"2":{"type":"branch","line":6,"loc":{"start":{"line":6,"column":21},"end":{"line":6,"column":43}},"locations":[{"start":{"line":6,"column":21},"end":{"line":6,"column":43}}]},"3":{"type":"branch","line":6,"loc":{"start":{"line":6,"column":43},"end":{"line":6,"column":66}},"locations":[{"start":{"line":6,"column":43},"end":{"line":6,"column":66}}]},"4":{"type":"branch","line":13,"loc":{"start":{"line":13,"column":0},"end":{"line":15,"column":1}},"locations":[{"start":{"line":13,"column":0},"end":{"line":15,"column":1}}]},"5":{"type":"branch","line":14,"loc":{"start":{"line":14,"column":20},"end":{"line":14,"column":36}},"locations":[{"start":{"line":14,"column":20},"end":{"line":14,"column":36}}]},"6":{"type":"branch","line":21,"loc":{"start":{"line":21,"column":0},"end":{"line":23,"column":1}},"locations":[{"start":{"line":21,"column":0},"end":{"line":23,"column":1}}]}},"b":{"0":[20],"1":[26],"2":[22],"3":[22],"4":[18],"5":[16],"6":[18]},"fnMap":{"0":{"name":"isEmptyText","decl":{"start":{"line":1,"column":0},"end":{"line":3,"column":1}},"loc":{"start":{"line":1,"column":0},"end":{"line":3,"column":1}},"line":1},"1":{"name":"isMissing","decl":{"start":{"line":5,"column":0},"end":{"line":7,"column":1}},"loc":{"start":{"line":5,"column":0},"end":{"line":7,"column":1}},"line":5},"2":{"name":"isNumeric","decl":{"start":{"line":9,"column":0},"end":{"line":11,"column":1}},"loc":{"start":{"line":9,"column":0},"end":{"line":11,"column":1}},"line":9},"3":{"name":"isNumberBetween","decl":{"start":{"line":13,"column":0},"end":{"line":15,"column":1}},"loc":{"start":{"line":13,"column":0},"end":{"line":15,"column":1}},"line":13},"4":{"name":"isNumberLessThan","decl":{"start":{"line":17,"column":0},"end":{"line":19,"column":1}},"loc":{"start":{"line":17,"column":0},"end":{"line":19,"column":1}},"line":17},"5":{"name":"throwError","decl":{"start":{"line":21,"column":0},"end":{"line":23,"column":1}},"loc":{"start":{"line":21,"column":0},"end":{"line":23,"column":1}},"line":21}},"f":{"0":20,"1":26,"2":0,"3":18,"4":0,"5":18}}
,"C:\\Users\\LENOVO\\Documents\\GitHub\\refactoring-increase-maintainability\\src\\validateUserInputRefactored.ts": {"path":"C:\\Users\\LENOVO\\Documents\\GitHub\\refactoring-increase-maintainability\\src\\validateUserInputRefactored.ts","all":false,"statementMap":{"0":{"start":{"line":1,"column":0},"end":{"line":1,"column":59}},"1":{"start":{"line":2,"column":0},"end":{"line":2,"column":81}},"2":{"start":{"line":3,"column":0},"end":{"line":3,"column":0}},"3":{"start":{"line":4,"column":0},"end":{"line":4,"column":59}},"4":{"start":{"line":5,"column":0},"end":{"line":5,"column":6}},"5":{"start":{"line":6,"column":0},"end":{"line":6,"column":24}},"6":{"start":{"line":7,"column":0},"end":{"line":7,"column":22}},"7":{"start":{"line":8,"column":0},"end":{"line":8,"column":25}},"8":{"start":{"line":9,"column":0},"end":{"line":9,"column":13}},"9":{"start":{"line":10,"column":0},"end":{"line":10,"column":18}},"10":{"start":{"line":11,"column":0},"end":{"line":11,"column":14}},"11":{"start":{"line":12,"column":0},"end":{"line":12,"column":2}},"12":{"start":{"line":13,"column":0},"end":{"line":13,"column":1}},"13":{"start":{"line":14,"column":0},"end":{"line":14,"column":0}},"14":{"start":{"line":15,"column":0},"end":{"line":15,"column":47}},"15":{"start":{"line":16,"column":0},"end":{"line":16,"column":53}},"16":{"start":{"line":17,"column":0},"end":{"line":17,"column":1}},"17":{"start":{"line":18,"column":0},"end":{"line":18,"column":0}},"18":{"start":{"line":19,"column":0},"end":{"line":19,"column":45}},"19":{"start":{"line":20,"column":0},"end":{"line":20,"column":52}},"20":{"start":{"line":21,"column":0},"end":{"line":21,"column":1}},"21":{"start":{"line":22,"column":0},"end":{"line":22,"column":0}},"22":{"start":{"line":23,"column":0},"end":{"line":23,"column":48}},"23":{"start":{"line":24,"column":0},"end":{"line":24,"column":22}},"24":{"start":{"line":25,"column":0},"end":{"line":25,"column":23}},"25":{"start":{"line":26,"column":0},"end":{"line":26,"column":1}},"26":{"start":{"line":27,"column":0},"end":{"line":27,"column":0}},"27":{"start":{"line":28,"column":0},"end":{"line":28,"column":46}},"28":{"start":{"line":29,"column":0},"end":{"line":29,"column":71}},"29":{"start":{"line":30,"column":0},"end":{"line":30,"column":1}},"30":{"start":{"line":31,"column":0},"end":{"line":31,"column":0}},"31":{"start":{"line":32,"column":0},"end":{"line":32,"column":47}},"32":{"start":{"line":33,"column":0},"end":{"line":33,"column":70}},"33":{"start":{"line":34,"column":0},"end":{"line":34,"column":1}},"34":{"start":{"line":35,"column":0},"end":{"line":35,"column":0}},"35":{"start":{"line":36,"column":0},"end":{"line":36,"column":49}},"36":{"start":{"line":37,"column":0},"end":{"line":37,"column":87}},"37":{"start":{"line":38,"column":0},"end":{"line":38,"column":1}},"38":{"start":{"line":39,"column":0},"end":{"line":39,"column":0}},"39":{"start":{"line":40,"column":0},"end":{"line":40,"column":53}},"40":{"start":{"line":41,"column":0},"end":{"line":41,"column":45}},"41":{"start":{"line":42,"column":0},"end":{"line":42,"column":39}},"42":{"start":{"line":43,"column":0},"end":{"line":43,"column":1}},"43":{"start":{"line":44,"column":0},"end":{"line":44,"column":0}},"44":{"start":{"line":45,"column":0},"end":{"line":45,"column":75}},"45":{"start":{"line":46,"column":0},"end":{"line":46,"column":38}},"46":{"start":{"line":47,"column":0},"end":{"line":47,"column":1}},"47":{"start":{"line":48,"column":0},"end":{"line":48,"column":0}},"48":{"start":{"line":49,"column":0},"end":{"line":49,"column":60}},"49":{"start":{"line":50,"column":0},"end":{"line":50,"column":34}},"50":{"start":{"line":51,"column":0},"end":{"line":51,"column":1}}},"s":{"0":1,"1":1,"2":1,"3":26,"4":26,"5":26,"6":26,"7":26,"8":26,"9":26,"10":18,"11":18,"12":26,"13":1,"14":26,"15":26,"16":26,"17":1,"18":20,"19":20,"20":20,"21":1,"22":18,"23":18,"24":18,"25":18,"26":1,"27":18,"28":18,"29":18,"30":1,"31":14,"32":14,"33":14,"34":1,"35":18,"36":18,"37":18,"38":1,"39":14,"40":14,"41":14,"42":14,"43":1,"44":36,"45":36,"46":36,"47":1,"48":18,"49":18,"50":18},"branchMap":{"0":{"type":"branch","line":4,"loc":{"start":{"line":4,"column":0},"end":{"line":13,"column":1}},"locations":[{"start":{"line":4,"column":0},"end":{"line":13,"column":1}}]},"1":{"type":"branch","line":10,"loc":{"start":{"line":10,"column":3},"end":{"line":12,"column":2}},"locations":[{"start":{"line":10,"column":3},"end":{"line":12,"column":2}}]},"2":{"type":"branch","line":15,"loc":{"start":{"line":15,"column":0},"end":{"line":17,"column":1}},"locations":[{"start":{"line":15,"column":0},"end":{"line":17,"column":1}}]},"3":{"type":"branch","line":16,"loc":{"start":{"line":16,"column":23},"end":{"line":16,"column":53}},"locations":[{"start":{"line":16,"column":23},"end":{"line":16,"column":53}}]},"4":{"type":"branch","line":19,"loc":{"start":{"line":19,"column":0},"end":{"line":21,"column":1}},"locations":[{"start":{"line":19,"column":0},"end":{"line":21,"column":1}}]},"5":{"type":"branch","line":20,"loc":{"start":{"line":20,"column":25},"end":{"line":20,"column":52}},"locations":[{"start":{"line":20,"column":25},"end":{"line":20,"column":52}}]},"6":{"type":"branch","line":23,"loc":{"start":{"line":23,"column":0},"end":{"line":26,"column":1}},"locations":[{"start":{"line":23,"column":0},"end":{"line":26,"column":1}}]},"7":{"type":"branch","line":28,"loc":{"start":{"line":28,"column":0},"end":{"line":30,"column":1}},"locations":[{"start":{"line":28,"column":0},"end":{"line":30,"column":1}}]},"8":{"type":"branch","line":29,"loc":{"start":{"line":29,"column":35},"end":{"line":29,"column":71}},"locations":[{"start":{"line":29,"column":35},"end":{"line":29,"column":71}}]},"9":{"type":"branch","line":32,"loc":{"start":{"line":32,"column":0},"end":{"line":34,"column":1}},"locations":[{"start":{"line":32,"column":0},"end":{"line":34,"column":1}}]},"10":{"type":"branch","line":33,"loc":{"start":{"line":33,"column":33},"end":{"line":33,"column":70}},"locations":[{"start":{"line":33,"column":33},"end":{"line":33,"column":70}}]},"11":{"type":"branch","line":36,"loc":{"start":{"line":36,"column":0},"end":{"line":38,"column":1}},"locations":[{"start":{"line":36,"column":0},"end":{"line":38,"column":1}}]},"12":{"type":"branch","line":40,"loc":{"start":{"line":40,"column":0},"end":{"line":43,"column":1}},"locations":[{"start":{"line":40,"column":0},"end":{"line":43,"column":1}}]},"13":{"type":"branch","line":45,"loc":{"start":{"line":45,"column":0},"end":{"line":47,"column":1}},"locations":[{"start":{"line":45,"column":0},"end":{"line":47,"column":1}}]},"14":{"type":"branch","line":49,"loc":{"start":{"line":49,"column":0},"end":{"line":51,"column":1}},"locations":[{"start":{"line":49,"column":0},"end":{"line":51,"column":1}}]}},"b":{"0":[26],"1":[18],"2":[26],"3":[6],"4":[20],"5":[2],"6":[18],"7":[18],"8":[4],"9":[14],"10":[6],"11":[18],"12":[14],"13":[36],"14":[18]},"fnMap":{"0":{"name":"validateUserInput","decl":{"start":{"line":4,"column":0},"end":{"line":13,"column":1}},"loc":{"start":{"line":4,"column":0},"end":{"line":13,"column":1}},"line":4},"1":{"name":"validateMissing","decl":{"start":{"line":15,"column":0},"end":{"line":17,"column":1}},"loc":{"start":{"line":15,"column":0},"end":{"line":17,"column":1}},"line":15},"2":{"name":"validateEmpty","decl":{"start":{"line":19,"column":0},"end":{"line":21,"column":1}},"loc":{"start":{"line":19,"column":0},"end":{"line":21,"column":1}},"line":19},"3":{"name":"validateExisting","decl":{"start":{"line":23,"column":0},"end":{"line":26,"column":1}},"loc":{"start":{"line":23,"column":0},"end":{"line":26,"column":1}},"line":23},"4":{"name":"validateLength","decl":{"start":{"line":28,"column":0},"end":{"line":30,"column":1}},"loc":{"start":{"line":28,"column":0},"end":{"line":30,"column":1}},"line":28},"5":{"name":"validatePattern","decl":{"start":{"line":32,"column":0},"end":{"line":34,"column":1}},"loc":{"start":{"line":32,"column":0},"end":{"line":34,"column":1}},"line":32},"6":{"name":"isLengthValid","decl":{"start":{"line":36,"column":0},"end":{"line":38,"column":1}},"loc":{"start":{"line":36,"column":0},"end":{"line":38,"column":1}},"line":36},"7":{"name":"isTextPatternValid","decl":{"start":{"line":40,"column":0},"end":{"line":43,"column":1}},"loc":{"start":{"line":40,"column":0},"end":{"line":43,"column":1}},"line":40},"8":{"name":"getInputLengthLimit","decl":{"start":{"line":45,"column":0},"end":{"line":47,"column":1}},"loc":{"start":{"line":45,"column":0},"end":{"line":47,"column":1}},"line":45},"9":{"name":"handleInvalid","decl":{"start":{"line":49,"column":0},"end":{"line":51,"column":1}},"loc":{"start":{"line":49,"column":0},"end":{"line":51,"column":1}},"line":49}},"f":{"0":26,"1":26,"2":20,"3":18,"4":18,"5":14,"6":18,"7":14,"8":36,"9":18}}
}
