{"C:\\Users\\LENOVO\\Documents\\GitHub\\refactoring-increase-maintainability\\src\\processUserDataRefactored.ts": {"path":"C:\\Users\\LENOVO\\Documents\\GitHub\\refactoring-increase-maintainability\\src\\processUserDataRefactored.ts","all":false,"statementMap":{"0":{"start":{"line":1,"column":0},"end":{"line":1,"column":32}},"1":{"start":{"line":2,"column":0},"end":{"line":2,"column":19}},"2":{"start":{"line":3,"column":0},"end":{"line":3,"column":16}},"3":{"start":{"line":4,"column":0},"end":{"line":4,"column":19}},"4":{"start":{"line":5,"column":0},"end":{"line":5,"column":21}},"5":{"start":{"line":6,"column":0},"end":{"line":6,"column":20}},"6":{"start":{"line":7,"column":0},"end":{"line":7,"column":11}},"7":{"start":{"line":8,"column":0},"end":{"line":8,"column":16}},"8":{"start":{"line":9,"column":0},"end":{"line":9,"column":30}},"9":{"start":{"line":10,"column":0},"end":{"line":10,"column":23}},"10":{"start":{"line":11,"column":0},"end":{"line":11,"column":44}},"11":{"start":{"line":12,"column":0},"end":{"line":12,"column":31}},"12":{"start":{"line":13,"column":0},"end":{"line":13,"column":56}},"13":{"start":{"line":14,"column":0},"end":{"line":14,"column":20}},"14":{"start":{"line":15,"column":0},"end":{"line":15,"column":9}},"15":{"start":{"line":16,"column":0},"end":{"line":16,"column":4}},"16":{"start":{"line":17,"column":0},"end":{"line":17,"column":3}},"17":{"start":{"line":18,"column":0},"end":{"line":18,"column":19}},"18":{"start":{"line":19,"column":0},"end":{"line":19,"column":38}},"19":{"start":{"line":20,"column":0},"end":{"line":20,"column":3}},"20":{"start":{"line":21,"column":0},"end":{"line":21,"column":38}},"21":{"start":{"line":22,"column":0},"end":{"line":22,"column":15}},"22":{"start":{"line":23,"column":0},"end":{"line":23,"column":31}},"23":{"start":{"line":24,"column":0},"end":{"line":24,"column":29}},"24":{"start":{"line":25,"column":0},"end":{"line":25,"column":10}},"25":{"start":{"line":26,"column":0},"end":{"line":26,"column":3}},"26":{"start":{"line":27,"column":0},"end":{"line":27,"column":9}},"27":{"start":{"line":28,"column":0},"end":{"line":28,"column":29}},"28":{"start":{"line":29,"column":0},"end":{"line":29,"column":2}},"29":{"start":{"line":30,"column":0},"end":{"line":30,"column":14}},"30":{"start":{"line":31,"column":0},"end":{"line":31,"column":1}}},"s":{"0":9,"1":9,"2":9,"3":9,"4":9,"5":9,"6":9,"7":9,"8":9,"9":3,"10":3,"11":5,"12":2,"13":2,"14":2,"15":2,"16":5,"17":3,"18":1,"19":1,"20":9,"21":2,"22":2,"23":4,"24":4,"25":4,"26":6,"27":4,"28":4,"29":8,"30":8},"branchMap":{"0":{"type":"branch","line":1,"loc":{"start":{"line":1,"column":0},"end":{"line":31,"column":1}},"locations":[{"start":{"line":1,"column":0},"end":{"line":31,"column":1}}]},"1":{"type":"branch","line":9,"loc":{"start":{"line":9,"column":15},"end":{"line":9,"column":27}},"locations":[{"start":{"line":9,"column":15},"end":{"line":9,"column":27}}]},"2":{"type":"branch","line":9,"loc":{"start":{"line":9,"column":29},"end":{"line":21,"column":2}},"locations":[{"start":{"line":9,"column":29},"end":{"line":21,"column":2}}]},"3":{"type":"branch","line":11,"loc":{"start":{"line":11,"column":43},"end":{"line":17,"column":3}},"locations":[{"start":{"line":11,"column":43},"end":{"line":17,"column":3}}]},"4":{"type":"branch","line":12,"loc":{"start":{"line":12,"column":30},"end":{"line":16,"column":4}},"locations":[{"start":{"line":12,"column":30},"end":{"line":16,"column":4}}]},"5":{"type":"branch","line":18,"loc":{"start":{"line":18,"column":18},"end":{"line":20,"column":3}},"locations":[{"start":{"line":18,"column":18},"end":{"line":20,"column":3}}]},"6":{"type":"branch","line":21,"loc":{"start":{"line":21,"column":2},"end":{"line":29,"column":2}},"locations":[{"start":{"line":21,"column":2},"end":{"line":29,"column":2}}]},"7":{"type":"branch","line":21,"loc":{"start":{"line":21,"column":23},"end":{"line":21,"column":35}},"locations":[{"start":{"line":21,"column":23},"end":{"line":21,"column":35}}]},"8":{"type":"branch","line":21,"loc":{"start":{"line":21,"column":37},"end":{"line":27,"column":2}},"locations":[{"start":{"line":21,"column":37},"end":{"line":27,"column":2}}]},"9":{"type":"branch","line":23,"loc":{"start":{"line":23,"column":30},"end":{"line":26,"column":3}},"locations":[{"start":{"line":23,"column":30},"end":{"line":26,"column":3}}]},"10":{"type":"branch","line":27,"loc":{"start":{"line":27,"column":2},"end":{"line":29,"column":2}},"locations":[{"start":{"line":27,"column":2},"end":{"line":29,"column":2}}]},"11":{"type":"branch","line":30,"loc":{"start":{"line":30,"column":-2},"end":{"line":31,"column":1}},"locations":[{"start":{"line":30,"column":-2},"end":{"line":31,"column":1}}]}},"b":{"0":[9],"1":[5],"2":[3],"3":[5],"4":[2],"5":[1],"6":[6],"7":[4],"8":[2],"9":[4],"10":[4],"11":[8]},"fnMap":{"0":{"name":"processUserData","decl":{"start":{"line":1,"column":0},"end":{"line":31,"column":1}},"loc":{"start":{"line":1,"column":0},"end":{"line":31,"column":1}},"line":1}},"f":{"0":9}}
}
