TN:
SF:src\constants.ts
FNF:0
FNH:0
DA:1,1
DA:2,1
DA:3,1
DA:4,1
DA:5,1
DA:6,1
DA:7,1
DA:8,1
DA:9,1
DA:10,1
DA:11,1
DA:12,1
DA:13,1
DA:14,1
DA:15,1
DA:16,1
DA:17,1
DA:18,1
DA:19,1
DA:20,1
DA:21,1
DA:22,1
DA:23,1
DA:24,1
DA:25,1
DA:26,1
DA:27,1
DA:28,1
DA:29,1
DA:30,1
DA:31,1
LF:31
LH:31
BRF:0
BRH:0
end_of_record
TN:
SF:src\processUserDataRefactored.ts
FN:4,processUserData
FN:17,validateUser
FN:23,validateMissing
FN:27,validateEmpty
FN:31,getUserIndex
FN:36,handleInvalid
FN:40,userIndexInUsers
FN:44,getSuccessResponse
FN:48,getElseResponse
FNF:9
FNH:9
FNDA:13,processUserData
FNDA:13,validateUser
FNDA:13,validateMissing
FNDA:10,validateEmpty
FNDA:9,getUserIndex
FNDA:5,handleInvalid
FNDA:17,userIndexInUsers
FNDA:2,getSuccessResponse
FNDA:6,getElseResponse
DA:1,1
DA:2,1
DA:3,1
DA:4,13
DA:5,13
DA:6,13
DA:7,13
DA:8,13
DA:9,13
DA:10,13
DA:11,13
DA:12,13
DA:13,13
DA:14,13
DA:15,13
DA:16,1
DA:17,13
DA:18,13
DA:19,13
DA:20,13
DA:21,13
DA:22,1
DA:23,13
DA:24,13
DA:25,13
DA:26,1
DA:27,10
DA:28,10
DA:29,10
DA:30,1
DA:31,9
DA:32,9
DA:33,8
DA:34,8
DA:35,1
DA:36,5
DA:37,5
DA:38,5
DA:39,1
DA:40,17
DA:41,17
DA:42,17
DA:43,1
DA:44,2
DA:45,2
DA:46,2
DA:47,1
DA:48,6
DA:49,6
DA:50,6
LF:50
LH:50
BRDA:4,0,0,13
BRDA:12,1,0,4
BRDA:13,2,0,2
BRDA:14,3,0,6
BRDA:17,4,0,13
BRDA:23,5,0,13
BRDA:24,6,0,3
BRDA:27,7,0,10
BRDA:28,8,0,1
BRDA:31,9,0,9
BRDA:32,10,0,1
BRDA:33,11,0,8
BRDA:36,12,0,5
BRDA:40,13,0,17
BRDA:44,14,0,2
BRDA:48,15,0,6
BRDA:49,16,0,4
BRDA:49,17,0,2
BRDA:49,18,0,4
BRF:19
BRH:19
end_of_record
TN:
SF:src\utilities.ts
FN:1,isEmptyText
FN:5,isMissing
FN:9,isNumeric
FN:13,isNumberBetween
FN:17,isNumberLessThan
FN:21,throwError
FNF:6
FNH:3
FNDA:10,isEmptyText
FNDA:13,isMissing
FNDA:0,isNumeric
FNDA:0,isNumberBetween
FNDA:0,isNumberLessThan
FNDA:5,throwError
DA:1,10
DA:2,10
DA:3,10
DA:4,1
DA:5,13
DA:6,13
DA:7,13
DA:8,1
DA:9,0
DA:10,0
DA:11,0
DA:12,1
DA:13,0
DA:14,0
DA:15,0
DA:16,1
DA:17,0
DA:18,0
DA:19,0
DA:20,1
DA:21,5
DA:22,5
DA:23,5
LF:23
LH:14
BRDA:1,0,0,10
BRDA:5,1,0,13
BRDA:6,2,0,11
BRDA:6,3,0,11
BRDA:21,4,0,5
BRF:5
BRH:5
end_of_record
