TN:
SF:src\constants.ts
FNF:0
FNH:0
DA:1,1
DA:2,1
DA:3,1
DA:4,1
DA:5,1
DA:6,1
DA:7,1
DA:8,1
DA:9,1
DA:10,1
DA:11,1
DA:12,1
DA:13,1
DA:14,1
DA:15,1
DA:16,1
DA:17,1
DA:18,1
DA:19,1
DA:20,1
DA:21,1
DA:22,1
DA:23,1
DA:24,1
DA:25,1
DA:26,1
DA:27,1
DA:28,1
DA:29,1
DA:30,1
DA:31,1
LF:31
LH:31
BRF:0
BRH:0
end_of_record
TN:
SF:src\utilities.ts
FN:1,isEmptyText
FN:5,isMissing
FN:9,isNumeric
FN:13,isNumberBetween
FN:17,isNumberLessThan
FN:21,throwError
FNF:6
FNH:4
FNDA:20,isEmptyText
FNDA:26,isMissing
FNDA:0,isNumeric
FNDA:18,isNumberBetween
FNDA:0,isNumberLessThan
FNDA:18,throwError
DA:1,20
DA:2,20
DA:3,20
DA:4,1
DA:5,26
DA:6,26
DA:7,26
DA:8,1
DA:9,0
DA:10,0
DA:11,0
DA:12,1
DA:13,18
DA:14,18
DA:15,18
DA:16,1
DA:17,0
DA:18,0
DA:19,0
DA:20,1
DA:21,18
DA:22,18
DA:23,18
LF:23
LH:17
BRDA:1,0,0,20
BRDA:5,1,0,26
BRDA:6,2,0,22
BRDA:6,3,0,22
BRDA:13,4,0,18
BRDA:14,5,0,16
BRDA:21,6,0,18
BRF:7
BRH:7
end_of_record
TN:
SF:src\validateUserInputRefactored.ts
FN:4,validateUserInput
FN:15,validateMissing
FN:19,validateEmpty
FN:23,validateExisting
FN:28,validateLength
FN:32,validatePattern
FN:36,isLengthValid
FN:40,isTextPatternValid
FN:45,getInputLengthLimit
FN:49,handleInvalid
FNF:10
FNH:10
FNDA:26,validateUserInput
FNDA:26,validateMissing
FNDA:20,validateEmpty
FNDA:18,validateExisting
FNDA:18,validateLength
FNDA:14,validatePattern
FNDA:18,isLengthValid
FNDA:14,isTextPatternValid
FNDA:36,getInputLengthLimit
FNDA:18,handleInvalid
DA:1,1
DA:2,1
DA:3,1
DA:4,26
DA:5,26
DA:6,26
DA:7,26
DA:8,26
DA:9,26
DA:10,26
DA:11,18
DA:12,18
DA:13,26
DA:14,1
DA:15,26
DA:16,26
DA:17,26
DA:18,1
DA:19,20
DA:20,20
DA:21,20
DA:22,1
DA:23,18
DA:24,18
DA:25,18
DA:26,18
DA:27,1
DA:28,18
DA:29,18
DA:30,18
DA:31,1
DA:32,14
DA:33,14
DA:34,14
DA:35,1
DA:36,18
DA:37,18
DA:38,18
DA:39,1
DA:40,14
DA:41,14
DA:42,14
DA:43,14
DA:44,1
DA:45,36
DA:46,36
DA:47,36
DA:48,1
DA:49,18
DA:50,18
DA:51,18
LF:51
LH:51
BRDA:4,0,0,26
BRDA:10,1,0,18
BRDA:15,2,0,26
BRDA:16,3,0,6
BRDA:19,4,0,20
BRDA:20,5,0,2
BRDA:23,6,0,18
BRDA:28,7,0,18
BRDA:29,8,0,4
BRDA:32,9,0,14
BRDA:33,10,0,6
BRDA:36,11,0,18
BRDA:40,12,0,14
BRDA:45,13,0,36
BRDA:49,14,0,18
BRF:15
BRH:15
end_of_record
